<?xml version="1.0" encoding="UTF-8"?>
<!-- Generated by org.testng.reporters.JUnitReportReporter -->
<testsuite skipped="0" hostname="LAPTOP-37AS5QC9" name="RestAssured.datadrivenapproachAssignment" tests="3" failures="0" timestamp="11 May 2021 05:05:25 GMT" time="2.982" errors="0">
  <testcase name="testcase1" time="2.824" classname="RestAssured.datadrivenapproachAssignment"/>
  <testcase name="testcase1" time="0.056" classname="RestAssured.datadrivenapproachAssignment"/>
  <testcase name="testcase1" time="0.102" classname="RestAssured.datadrivenapproachAssignment"/>
</testsuite> <!-- RestAssured.datadrivenapproachAssignment -->
