<?xml version="1.0" encoding="UTF-8"?>
<!-- Generated by org.testng.reporters.JUnitReportReporter -->
<testsuite skipped="0" hostname="LAPTOP-37AS5QC9" name="RestAssured.jsonbody" tests="1" failures="0" timestamp="11 May 2021 05:05:05 GMT" time="5.574" errors="0">
  <testcase name="Assignmenttestcase" time="5.574" classname="RestAssured.jsonbody"/>
</testsuite> <!-- RestAssured.jsonbody -->
