<?xml version="1.0" encoding="UTF-8"?>
<!-- Generated by org.testng.reporters.JUnitReportReporter -->
<testsuite skipped="0" hostname="LAPTOP-37AS5QC9" name="RestAssured.postmethod" tests="1" failures="0" timestamp="10 May 2021 11:35:25 GMT" time="2.782" errors="0">
  <testcase name="postmethod" time="2.782" classname="RestAssured.postmethod"/>
</testsuite> <!-- RestAssured.postmethod -->
